<?xml version="1.0" encoding="UTF-8"?>
<!-- Generated by org.testng.reporters.JUnitXMLReporter -->
<testsuite hostname="LTPUSNY2127380" name="SuiteTwoCaseTwo" tests="1" failures="0" timestamp="29 Dec 2016 06:43:31 GMT" time="0.009" errors="0">
  <testcase name="@BeforeSuite checkSuiteToRun" time="0.0" classname="com.stta.SuiteTwo.SuiteTwoCaseTwo">
    <skipped/>
  </testcase> <!-- @BeforeSuite checkSuiteToRun -->
  <testcase name="@BeforeTest checkCaseToRun" time="0.0" classname="com.stta.SuiteTwo.SuiteTwoCaseTwo">
    <skipped/>
  </testcase> <!-- @BeforeTest checkCaseToRun -->
  <testcase name="@AfterTest closeBrowser" time="0.0" classname="com.stta.SuiteTwo.SuiteTwoCaseTwo">
    <skipped/>
  </testcase> <!-- @AfterTest closeBrowser -->
  <testcase name="SuiteTwoCaseTwoTest" time="0.0" classname="com.stta.SuiteTwo.SuiteTwoCaseTwo">
    <skipped/>
  </testcase> <!-- SuiteTwoCaseTwoTest -->
</testsuite> <!-- SuiteTwoCaseTwo -->
