<?xml version="1.0" encoding="UTF-8"?>
<!-- Generated by org.testng.reporters.JUnitXMLReporter -->
<testsuite hostname="LTPUSNY2127380" name="SuiteTwoCaseTwo" tests="2" failures="2" timestamp="14 Dec 2016 02:59:24 GMT" time="0.017" errors="0">
  <testcase name="SuiteTwoCaseTwoTest" time="0.002" classname="com.stta.SuiteTwo.SuiteTwoCaseTwo">
    <failure type="java.lang.ArrayIndexOutOfBoundsException" message="2">
      <![CDATA[java.lang.ArrayIndexOutOfBoundsException: 2
	at com.stta.SuiteTwo.SuiteTwoCaseTwo.SuiteTwoCaseTwoTest(SuiteTwoCaseTwo.java:54)
... Removed 25 stack frames]]>
    </failure>
  </testcase> <!-- SuiteTwoCaseTwoTest -->
  <testcase name="SuiteTwoCaseTwoTest" time="0.001" classname="com.stta.SuiteTwo.SuiteTwoCaseTwo">
    <failure type="java.lang.ArrayIndexOutOfBoundsException" message="3">
      <![CDATA[java.lang.ArrayIndexOutOfBoundsException: 3
	at com.stta.SuiteTwo.SuiteTwoCaseTwo.SuiteTwoCaseTwoTest(SuiteTwoCaseTwo.java:54)
... Removed 25 stack frames]]>
    </failure>
  </testcase> <!-- SuiteTwoCaseTwoTest -->
</testsuite> <!-- SuiteTwoCaseTwo -->
