<?xml version="1.0" encoding="UTF-8"?>
<testsuite name="TestSuite" time="125.185" tests="12" errors="0" skipped="0" failures="2">
  <properties>
[...]
</properties>
  <testcase name="SuiteOneCaseOneTest" classname="com.stta.SuiteOne.SuiteOneCaseOne" time="55.702"/>
  <testcase name="SuiteOneCaseOneTest" classname="com.stta.SuiteOne.SuiteOneCaseOne" time="10.652"/>
  <testcase name="SuiteOneCaseTwoTest" classname="com.stta.SuiteOne.SuiteOneCaseTwo" time="25.275"/>
  <testcase name="SuiteOneCaseTwoTest" classname="com.stta.SuiteOne.SuiteOneCaseTwo" time="10.902">
    <failure message="The following asserts failed:&#10;ActualResult Value -2 And ExpectedResult Value -3 Not Match" type="java.lang.AssertionError">java.lang.AssertionError: The following asserts failed:
ActualResult Value -2 And ExpectedResult Value -3 Not Match
	at org.testng.asserts.SoftAssert.assertAll(SoftAssert.java:38)
	at com.stta.SuiteOne.SuiteOneCaseTwo.SuiteOneCaseTwoTest(SuiteOneCaseTwo.java:128)
</failure>
    <system-out><![CDATA[SuiteUtility.WriteResultUtility
Read_XLS.writeResult
Read_XLS.retrieveNoOfCols
Teststarted running:SuiteOneCaseTwoTest at:1482507292391
SuiteOneCaseTwoTest
Report.initializeReportForTC
 SuiteBase.loadWebBrowser
existing mozila
1-2 get element start
 SuiteBase.getElementByName
1-2 get element start 1
 SuiteBase.getElementByXPath
1-2 get element start 2
 SuiteBase.getElementByID
Inside id try
1-2 get element start 3
 SuiteBase.getElementByXPath
1-2 get element start 4
 SuiteBase.getElementByID
Inside id try
1-2 get element start 5
 SuiteBase.getElementByXPath
1-2 get element start 6
 SuiteBase.getElementByCSS
1-2 get element start end
 SuiteBase.getElementByName
1-2 1
1-2 2true-2 == -3
FAIL
Screen capture method for SuiteOneCaseTwoTest
Take screenshot
File Name
File copied
]]></system-out>
  </testcase>
  <testcase name="SuiteTwoCaseOneTest" classname="com.stta.SuiteTwo.SuiteTwoCaseOne" time="22.391"/>
  <testcase name="SuiteTwoCaseOneTest" classname="com.stta.SuiteTwo.SuiteTwoCaseOne" time="10.106"/>
  <testcase name="SuiteTwoCaseTwoTest" classname="com.stta.SuiteTwo.SuiteTwoCaseTwo" time="21.384"/>
  <testcase name="SuiteTwoCaseTwoTest" classname="com.stta.SuiteTwo.SuiteTwoCaseTwo" time="10.333">
    <failure message="The following asserts failed:&#10;ActualResult Value 2.5 And ExpectedResult Value 2.0 Not Match" type="java.lang.AssertionError">java.lang.AssertionError: The following asserts failed:
ActualResult Value 2.5 And ExpectedResult Value 2.0 Not Match
	at org.testng.asserts.SoftAssert.assertAll(SoftAssert.java:38)
	at com.stta.SuiteTwo.SuiteTwoCaseTwo.SuiteTwoCaseTwoTest(SuiteTwoCaseTwo.java:117)
</failure>
    <system-out><![CDATA[SuiteUtility.WriteResultUtility
Read_XLS.writeResult
Read_XLS.retrieveNoOfCols
Teststarted running:SuiteTwoCaseTwoTest at:1482507358218
SuiteTwoCaseTwoTest
Report.initializeReportForTC
 SuiteBase.loadWebBrowser
existing mozila
2-2 get element start
 SuiteBase.getElementByName
 SuiteBase.getElementByXPath
 SuiteBase.getElementByID
Inside id try
 SuiteBase.getElementByXPath
 SuiteBase.getElementByCSS
2-2 get element start end
 SuiteBase.getElementByName
FAIL
Screen capture method for SuiteTwoCaseTwoTest
Take screenshot
File Name
File copied
]]></system-out>
  </testcase>
  <testcase name="TC_01_TestCase" classname="com.stta.SuiteThree.SuiteThreeCaseOne" time="0.189"/>
  <testcase name="TC_01_TestCase" classname="com.stta.SuiteThree.SuiteThreeCaseOne" time="0.168"/>
  <testcase name="TC_02_TestCase" classname="com.stta.SuiteThree.SuiteThreeCaseOne" time="0.119"/>
  <testcase name="TC_03_TestCase" classname="com.stta.SuiteThree.SuiteThreeCaseTwo" time="0.125"/>
</testsuite>