<?xml version="1.0" encoding="UTF-8"?>
<!-- Generated by org.testng.reporters.JUnitXMLReporter -->
<testsuite hostname="LTPUSNY2127380" name="SuiteOneCaseOne" tests="1" failures="0" timestamp="29 Dec 2016 06:43:30 GMT" time="0.024" errors="0">
  <testcase name="@BeforeTest checkCaseToRun" time="0.0" classname="com.stta.SuiteOne.SuiteOneCaseOne">
    <skipped/>
  </testcase> <!-- @BeforeTest checkCaseToRun -->
  <testcase name="@AfterTest closeBrowser" time="0.0" classname="com.stta.SuiteOne.SuiteOneCaseOne">
    <skipped/>
  </testcase> <!-- @AfterTest closeBrowser -->
  <testcase name="SuiteOneCaseOneTest" time="0.0" classname="com.stta.SuiteOne.SuiteOneCaseOne">
    <skipped/>
  </testcase> <!-- SuiteOneCaseOneTest -->
</testsuite> <!-- SuiteOneCaseOne -->
