<?xml version="1.0" encoding="UTF-8"?>
<!-- Generated by org.testng.reporters.JUnitXMLReporter -->
<testsuite hostname="LTPUSNY2127380" name="SuiteOneCaseTwo" tests="1" failures="0" timestamp="29 Dec 2016 06:43:30 GMT" time="0.011" errors="0">
  <testcase name="@BeforeSuite checkSuiteToRun" time="0.0" classname="com.stta.SuiteOne.SuiteOneCaseTwo">
    <skipped/>
  </testcase> <!-- @BeforeSuite checkSuiteToRun -->
  <testcase name="@BeforeTest checkCaseToRun" time="0.0" classname="com.stta.SuiteOne.SuiteOneCaseTwo">
    <skipped/>
  </testcase> <!-- @BeforeTest checkCaseToRun -->
  <testcase name="@AfterTest closeBrowser" time="0.0" classname="com.stta.SuiteOne.SuiteOneCaseTwo">
    <skipped/>
  </testcase> <!-- @AfterTest closeBrowser -->
  <testcase name="SuiteOneCaseTwoTest" time="0.0" classname="com.stta.SuiteOne.SuiteOneCaseTwo">
    <skipped/>
  </testcase> <!-- SuiteOneCaseTwoTest -->
</testsuite> <!-- SuiteOneCaseTwo -->
