<?xml version="1.0" encoding="UTF-8"?>
<!-- Generated by org.testng.reporters.JUnitXMLReporter -->
<testsuite hostname="LTPUSNY2127380" name="SuiteThreeCaseOne1" tests="1" failures="0" timestamp="22 Dec 2016 05:04:04 GMT" time="0.016" errors="0">
  <testcase name="@BeforeTest checkCaseToRun" time="0.0" classname="com.stta.SuiteThree.SuiteThreeCaseOne">
    <skipped/>
  </testcase> <!-- @BeforeTest checkCaseToRun -->
  <testcase name="TC_01_TestCase" time="0.0" classname="com.stta.SuiteThree.SuiteThreeCaseOne">
    <skipped/>
  </testcase> <!-- TC_01_TestCase -->
</testsuite> <!-- SuiteThreeCaseOne1 -->
