<?xml version="1.0" encoding="UTF-8"?>
<!-- Generated by org.testng.reporters.JUnitXMLReporter -->
<testsuite hostname="LTPUSNY2127380" name="SuiteThree_TestCaseTwo" tests="1" failures="0" timestamp="22 Dec 2016 05:58:26 GMT" time="0.005" errors="0">
  <testcase name="@BeforeSuite checkSuiteToRun" time="0.0" classname="com.stta.SuiteThree.SuiteThreeCaseOne">
    <skipped/>
  </testcase> <!-- @BeforeSuite checkSuiteToRun -->
  <testcase name="@BeforeTest checkCaseToRun" time="0.0" classname="com.stta.SuiteThree.SuiteThreeCaseTwo">
    <skipped/>
  </testcase> <!-- @BeforeTest checkCaseToRun -->
  <testcase name="TC_03_TestCase" time="0.0" classname="com.stta.SuiteThree.SuiteThreeCaseTwo">
    <skipped/>
  </testcase> <!-- TC_03_TestCase -->
</testsuite> <!-- SuiteThree_TestCaseTwo -->
