<?xml version="1.0" encoding="UTF-8"?>
<!-- Generated by org.testng.reporters.JUnitXMLReporter -->
<testsuite hostname="LTPUSNY2127380" name="SuiteThree_TestCase" tests="2" failures="0" timestamp="22 Dec 2016 19:37:55 GMT" time="0.229" errors="0">
  <testcase name="TC_01_TestCase" time="0.102" classname="com.stta.SuiteThree.SuiteThreeCaseOne"/>
  <testcase name="TC_02_TestCase" time="0.027" classname="com.stta.SuiteThree.SuiteThreeCaseOne">
    <skipped/>
  </testcase> <!-- TC_02_TestCase -->
</testsuite> <!-- SuiteThree_TestCase -->
