<?xml version="1.0" encoding="UTF-8"?>
<!-- Generated by org.testng.reporters.JUnitXMLReporter -->
<testsuite hostname="LTPUSNY2127380" name="SuiteThree_TestCaseOne" tests="2" failures="0" timestamp="22 Dec 2016 05:58:26 GMT" time="0.019" errors="0">
  <testcase name="@BeforeTest checkCaseToRun" time="0.0" classname="com.stta.SuiteThree.SuiteThreeCaseOne">
    <skipped/>
  </testcase> <!-- @BeforeTest checkCaseToRun -->
  <testcase name="TC_01_TestCase" time="0.0" classname="com.stta.SuiteThree.SuiteThreeCaseOne">
    <skipped/>
  </testcase> <!-- TC_01_TestCase -->
  <testcase name="TC_02_TestCase" time="0.0" classname="com.stta.SuiteThree.SuiteThreeCaseOne">
    <skipped/>
  </testcase> <!-- TC_02_TestCase -->
</testsuite> <!-- SuiteThree_TestCaseOne -->
